<?xml version='1.0' encoding='UTF-8'?>
<testsuite hostname="MacBook-Pro.local" name="CatSpec" tests="1" errors="0" failures="0" skipped="0" time="0.015">
                     <properties>
[...]
</properties>
                     <testcase classname="CatSpec" name="Correct name" time="0.015">
                                                 
                                               </testcase>
                     <system-out><![CDATA[]]></system-out>
                     <system-err><![CDATA[]]></system-err>
                   </testsuite>